{
  "RSpec": {
    "coverage": {
      "/home/volodymyr/Search_JSON/app/helpers/application_helper.rb": {
        "lines": [
          1,
          null
        ]
      },
      "/home/volodymyr/Search_JSON/app/helpers/search_helper.rb": {
        "lines": [
          1,
          null
        ]
      },
      "/home/volodymyr/Search_JSON/app/controllers/search_controller.rb": {
        "lines": [
          null,
          1,
          null,
          1,
          null,
          null,
          1,
          null,
          null,
          1,
          2,
          null,
          null,
          null,
          null,
          1,
          1,
          1,
          1,
          1,
          null,
          null,
          1,
          null,
          null,
          1,
          3,
          3,
          null,
          null
        ]
      },
      "/home/volodymyr/Search_JSON/app/controllers/application_controller.rb": {
        "lines": [
          1,
          null
        ]
      },
      "/home/volodymyr/Search_JSON/app/controllers/concerns/searchable.rb": {
        "lines": [
          null,
          1,
          1,
          null,
          1,
          null,
          null,
          1,
          2,
          2,
          2,
          null,
          null,
          null,
          1,
          2,
          4,
          5,
          2,
          null,
          0,
          null,
          null,
          null,
          null,
          4,
          0,
          null,
          null,
          null,
          1,
          5,
          5,
          null,
          5,
          0,
          0,
          null,
          null,
          5,
          13,
          null,
          null,
          null,
          null,
          null,
          1,
          3,
          1,
          1,
          null,
          2,
          null,
          null,
          null,
          null,
          1,
          3,
          3,
          0,
          0,
          0,
          null,
          null,
          7,
          null,
          null,
          null,
          3,
          null,
          null
        ]
      },
      "/home/volodymyr/Search_JSON/app/channels/application_cable/channel.rb": {
        "lines": [
          0,
          0,
          0,
          0
        ],
        "branches": {
        }
      },
      "/home/volodymyr/Search_JSON/app/channels/application_cable/connection.rb": {
        "lines": [
          0,
          0,
          0,
          0
        ],
        "branches": {
        }
      },
      "/home/volodymyr/Search_JSON/app/jobs/application_job.rb": {
        "lines": [
          0,
          null,
          null,
          null,
          null,
          null,
          0
        ],
        "branches": {
        }
      },
      "/home/volodymyr/Search_JSON/app/mailers/application_mailer.rb": {
        "lines": [
          0,
          0,
          0,
          0
        ],
        "branches": {
        }
      }
    },
    "timestamp": 1705520763
  }
}
